# JRE version: OpenJDK Runtime Environment Temurin-21.0.11+10 (21.0.11+10) (build 21.0.11+10-LTS)
# Java VM: OpenJDK 64-Bit Server VM Temurin-21.0.11+10 (21.0.11+10-LTS, mixed mode, sharing, tiered, compressed oops, compressed class ptrs, parallel gc, windows-amd64)
GC Precious Log:
 CardTable entry size: 512
 CPUs: 12 total, 12 available
 Memory: 7916M
 Large Page Support: Disabled
 NUMA Support: Disabled
 Compressed Oops: Enabled (32-bit)
 Alignments: Space 512K, Generation 512K, Heap 2M
 Heap Min Capacity: 100M
 Heap Initial Capacity: 100M
 Heap Max Capacity: 2G
 Pre-touch: Disabled
 Parallel Workers: 10
Heap:
 PSYoungGen      total 13312K, used 6582K [0x00000000d5580000, 0x00000000d6700000, 0x0000000100000000)
  eden space 11776K, 42% used [0x00000000d5580000,0x00000000d5a71ad8,0x00000000d6100000)
  from space 1536K, 98% used [0x00000000d6380000,0x00000000d64fbe78,0x00000000d6500000)
  to   space 2048K, 0% used [0x00000000d6500000,0x00000000d6500000,0x00000000d6700000)
 ParOldGen       total 828416K, used 467194K [0x0000000080000000, 0x00000000b2900000, 0x00000000d5580000)
  object space 828416K, 56% used [0x0000000080000000,0x000000009c83ea98,0x00000000b2900000)
 Metaspace       used 83874K, committed 85696K, reserved 1179648K
  class space    used 8599K, committed 9344K, reserved 1048576K
GC Heap History (20 events):
Event: 2779.171 GC heap before
{Heap before GC invocations=1884 (full 4):
 PSYoungGen      total 16896K, used 16579K [0x00000000d5580000, 0x00000000d6a00000, 0x0000000100000000)
  eden space 16384K, 98% used [0x00000000d5580000,0x00000000d6552598,0x00000000d6580000)
  from space 512K, 73% used [0x00000000d6900000,0x00000000d695e900,0x00000000d6980000)
  to   space 512K, 0% used [0x00000000d6980000,0x00000000d6980000,0x00000000d6a00000)
 ParOldGen       total 828416K, used 452773K [0x0000000080000000, 0x00000000b2900000, 0x00000000d5580000)
  object space 828416K, 54% used [0x0000000080000000,0x000000009ba29620,0x00000000b2900000)
 Metaspace       used 83359K, committed 85120K, reserved 1179648K
  class space    used 8559K, committed 9344K, reserved 1048576K
}
Event: 2779.188 GC heap after
{Heap after GC invocations=1884 (full 4):
 PSYoungGen      total 16896K, used 469K [0x00000000d5580000, 0x00000000d6a00000, 0x0000000100000000)
  eden space 16384K, 0% used [0x00000000d5580000,0x00000000d5580000,0x00000000d6580000)
  from space 512K, 91% used [0x00000000d6980000,0x00000000d69f5490,0x00000000d6a00000)
  to   space 512K, 0% used [0x00000000d6900000,0x00000000d6900000,0x00000000d6980000)
 ParOldGen       total 828416K, used 454563K [0x0000000080000000, 0x00000000b2900000, 0x00000000d5580000)
  object space 828416K, 54% used [0x0000000080000000,0x000000009bbe8d88,0x00000000b2900000)
 Metaspace       used 83359K, committed 85120K, reserved 1179648K
  class space    used 8559K, committed 9344K, reserved 1048576K
}
Event: 2779.248 GC heap before
{Heap before GC invocations=1885 (full 4):
 PSYoungGen      total 16896K, used 16661K [0x00000000d5580000, 0x00000000d6a00000, 0x0000000100000000)
  eden space 16384K, 98% used [0x00000000d5580000,0x00000000d65501a0,0x00000000d6580000)
  from space 512K, 91% used [0x00000000d6980000,0x00000000d69f5490,0x00000000d6a00000)
  to   space 512K, 0% used [0x00000000d6900000,0x00000000d6900000,0x00000000d6980000)
 ParOldGen       total 828416K, used 454563K [0x0000000080000000, 0x00000000b2900000, 0x00000000d5580000)
  object space 828416K, 54% used [0x0000000080000000,0x000000009bbe8d88,0x00000000b2900000)
 Metaspace       used 83359K, committed 85120K, reserved 1179648K
  class space    used 8559K, committed 9344K, reserved 1048576K
}
Event: 2779.266 GC heap after
{Heap after GC invocations=1885 (full 4):
 PSYoungGen      total 16896K, used 501K [0x00000000d5580000, 0x00000000d6b80000, 0x0000000100000000)
  eden space 16384K, 0% used [0x00000000d5580000,0x00000000d5580000,0x00000000d6580000)
  from space 512K, 97% used [0x00000000d6900000,0x00000000d697d490,0x00000000d6980000)
  to   space 2048K, 0% used [0x00000000d6980000,0x00000000d6980000,0x00000000d6b80000)
 ParOldGen       total 828416K, used 456498K [0x0000000080000000, 0x00000000b2900000, 0x00000000d5580000)
  object space 828416K, 55% used [0x0000000080000000,0x000000009bdcc9c0,0x00000000b2900000)
 Metaspace       used 83359K, committed 85120K, reserved 1179648K
  class space    used 8559K, committed 9344K, reserved 1048576K
}
Event: 2779.326 GC heap before
{Heap before GC invocations=1886 (full 4):
 PSYoungGen      total 16896K, used 16741K [0x00000000d5580000, 0x00000000d6b80000, 0x0000000100000000)
  eden space 16384K, 99% used [0x00000000d5580000,0x00000000d655c310,0x00000000d6580000)
  from space 512K, 97% used [0x00000000d6900000,0x00000000d697d490,0x00000000d6980000)
  to   space 2048K, 0% used [0x00000000d6980000,0x00000000d6980000,0x00000000d6b80000)
 ParOldGen       total 828416K, used 456498K [0x0000000080000000, 0x00000000b2900000, 0x00000000d5580000)
  object space 828416K, 55% used [0x0000000080000000,0x000000009bdcc9c0,0x00000000b2900000)
 Metaspace       used 83359K, committed 85120K, reserved 1179648K
  class space    used 8559K, committed 9344K, reserved 1048576K
}
Event: 2779.334 GC heap after
{Heap after GC invocations=1886 (full 4):
 PSYoungGen      total 18432K, used 2036K [0x00000000d5580000, 0x00000000d6c80000, 0x0000000100000000)
  eden space 16384K, 0% used [0x00000000d5580000,0x00000000d5580000,0x00000000d6580000)
  from space 2048K, 99% used [0x00000000d6980000,0x00000000d6b7d228,0x00000000d6b80000)
  to   space 3584K, 0% used [0x00000000d6580000,0x00000000d6580000,0x00000000d6900000)
 ParOldGen       total 828416K, used 457780K [0x0000000080000000, 0x00000000b2900000, 0x00000000d5580000)
  object space 828416K, 55% used [0x0000000080000000,0x000000009bf0d3a0,0x00000000b2900000)
 Metaspace       used 83359K, committed 85120K, reserved 1179648K
  class space    used 8559K, committed 9344K, reserved 1048576K
}
Event: 2779.402 GC heap before
{Heap before GC invocations=1887 (full 4):
 PSYoungGen      total 18432K, used 18236K [0x00000000d5580000, 0x00000000d6c80000, 0x0000000100000000)
  eden space 16384K, 98% used [0x00000000d5580000,0x00000000d6552068,0x00000000d6580000)
  from space 2048K, 99% used [0x00000000d6980000,0x00000000d6b7d228,0x00000000d6b80000)
  to   space 3584K, 0% used [0x00000000d6580000,0x00000000d6580000,0x00000000d6900000)
 ParOldGen       total 828416K, used 457780K [0x0000000080000000, 0x00000000b2900000, 0x00000000d5580000)
  object space 828416K, 55% used [0x0000000080000000,0x000000009bf0d3a0,0x00000000b2900000)
 Metaspace       used 83359K, committed 85120K, reserved 1179648K
  class space    used 8559K, committed 9344K, reserved 1048576K
}
Event: 2779.405 GC heap after
{Heap after GC invocations=1887 (full 4):
 PSYoungGen      total 19968K, used 3074K [0x00000000d5580000, 0x00000000d6c80000, 0x0000000100000000)
  eden space 16384K, 0% used [0x00000000d5580000,0x00000000d5580000,0x00000000d6580000)
  from space 3584K, 85% used [0x00000000d6580000,0x00000000d6880bf8,0x00000000d6900000)
  to   space 3584K, 0% used [0x00000000d6900000,0x00000000d6900000,0x00000000d6c80000)
 ParOldGen       total 828416K, used 457951K [0x0000000080000000, 0x00000000b2900000, 0x00000000d5580000)
  object space 828416K, 55% used [0x0000000080000000,0x000000009bf37ca0,0x00000000b2900000)
 Metaspace       used 83359K, committed 85120K, reserved 1179648K
  class space    used 8559K, committed 9344K, reserved 1048576K
}
Event: 2802.299 GC heap before
{Heap before GC invocations=1888 (full 4):
 PSYoungGen      total 19968K, used 19458K [0x00000000d5580000, 0x00000000d6c80000, 0x0000000100000000)
  eden space 16384K, 99% used [0x00000000d5580000,0x00000000d657ffd0,0x00000000d6580000)
  from space 3584K, 85% used [0x00000000d6580000,0x00000000d6880bf8,0x00000000d6900000)
  to   space 3584K, 0% used [0x00000000d6900000,0x00000000d6900000,0x00000000d6c80000)
 ParOldGen       total 828416K, used 457951K [0x0000000080000000, 0x00000000b2900000, 0x00000000d5580000)
  object space 828416K, 55% used [0x0000000080000000,0x000000009bf37ca0,0x00000000b2900000)
 Metaspace       used 83418K, committed 85184K, reserved 1179648K
  class space    used 8561K, committed 9344K, reserved 1048576K
}
Event: 2802.318 GC heap after
{Heap after GC invocations=1888 (full 4):
 PSYoungGen      total 16896K, used 288K [0x00000000d5580000, 0x00000000d6980000, 0x0000000100000000)
  eden space 16384K, 0% used [0x00000000d5580000,0x00000000d5580000,0x00000000d6580000)
  from space 512K, 56% used [0x00000000d6900000,0x00000000d6948000,0x00000000d6980000)
  to   space 1536K, 0% used [0x00000000d6680000,0x00000000d6680000,0x00000000d6800000)
 ParOldGen       total 828416K, used 458943K [0x0000000080000000, 0x00000000b2900000, 0x00000000d5580000)
  object space 828416K, 55% used [0x0000000080000000,0x000000009c02fca0,0x00000000b2900000)
 Metaspace       used 83418K, committed 85184K, reserved 1179648K
  class space    used 8561K, committed 9344K, reserved 1048576K
}
Event: 2806.921 GC heap before
{Heap before GC invocations=1889 (full 4):
 PSYoungGen      total 16896K, used 16666K [0x00000000d5580000, 0x00000000d6980000, 0x0000000100000000)
  eden space 16384K, 99% used [0x00000000d5580000,0x00000000d657eb20,0x00000000d6580000)
  from space 512K, 56% used [0x00000000d6900000,0x00000000d6948000,0x00000000d6980000)
  to   space 1536K, 0% used [0x00000000d6680000,0x00000000d6680000,0x00000000d6800000)
 ParOldGen       total 828416K, used 458943K [0x0000000080000000, 0x00000000b2900000, 0x00000000d5580000)
  object space 828416K, 55% used [0x0000000080000000,0x000000009c02fca0,0x00000000b2900000)
 Metaspace       used 83458K, committed 85248K, reserved 1179648K
  class space    used 8564K, committed 9344K, reserved 1048576K
}
Event: 2806.927 GC heap after
{Heap after GC invocations=1889 (full 4):
 PSYoungGen      total 17920K, used 448K [0x00000000d5580000, 0x00000000d6980000, 0x0000000100000000)
  eden space 16384K, 0% used [0x00000000d5580000,0x00000000d5580000,0x00000000d6580000)
  from space 1536K, 29% used [0x00000000d6680000,0x00000000d66f0020,0x00000000d6800000)
  to   space 1024K, 0% used [0x00000000d6880000,0x00000000d6880000,0x00000000d6980000)
 ParOldGen       total 828416K, used 459093K [0x0000000080000000, 0x00000000b2900000, 0x00000000d5580000)
  object space 828416K, 55% used [0x0000000080000000,0x000000009c0555f0,0x00000000b2900000)
 Metaspace       used 83458K, committed 85248K, reserved 1179648K
  class space    used 8564K, committed 9344K, reserved 1048576K
}
Event: 2807.831 GC heap before
{Heap before GC invocations=1890 (full 4):
 PSYoungGen      total 17920K, used 16832K [0x00000000d5580000, 0x00000000d6980000, 0x0000000100000000)
  eden space 16384K, 100% used [0x00000000d5580000,0x00000000d6580000,0x00000000d6580000)
  from space 1536K, 29% used [0x00000000d6680000,0x00000000d66f0020,0x00000000d6800000)
  to   space 1024K, 0% used [0x00000000d6880000,0x00000000d6880000,0x00000000d6980000)
 ParOldGen       total 828416K, used 459093K [0x0000000080000000, 0x00000000b2900000, 0x00000000d5580000)
  object space 828416K, 55% used [0x0000000080000000,0x000000009c0555f0,0x00000000b2900000)
 Metaspace       used 83527K, committed 85248K, reserved 1179648K
  class space    used 8571K, committed 9344K, reserved 1048576K
}
Event: 2807.890 GC heap after
{Heap after GC invocations=1890 (full 4):
 PSYoungGen      total 12800K, used 1018K [0x00000000d5580000, 0x00000000d7480000, 0x0000000100000000)
  eden space 11776K, 0% used [0x00000000d5580000,0x00000000d5580000,0x00000000d6100000)
  from space 1024K, 99% used [0x00000000d6880000,0x00000000d697e940,0x00000000d6980000)
  to   space 7680K, 0% used [0x00000000d6100000,0x00000000d6100000,0x00000000d6880000)
 ParOldGen       total 828416K, used 464263K [0x0000000080000000, 0x00000000b2900000, 0x00000000d5580000)
  object space 828416K, 56% used [0x0000000080000000,0x000000009c561fc8,0x00000000b2900000)
 Metaspace       used 83527K, committed 85248K, reserved 1179648K
  class space    used 8571K, committed 9344K, reserved 1048576K
}
Event: 2808.387 GC heap before
{Heap before GC invocations=1891 (full 4):
 PSYoungGen      total 12800K, used 11380K [0x00000000d5580000, 0x00000000d7480000, 0x0000000100000000)
  eden space 11776K, 87% used [0x00000000d5580000,0x00000000d5f9e850,0x00000000d6100000)
  from space 1024K, 99% used [0x00000000d6880000,0x00000000d697e940,0x00000000d6980000)
  to   space 7680K, 0% used [0x00000000d6100000,0x00000000d6100000,0x00000000d6880000)
 ParOldGen       total 828416K, used 464263K [0x0000000080000000, 0x00000000b2900000, 0x00000000d5580000)
  object space 828416K, 56% used [0x0000000080000000,0x000000009c561fc8,0x00000000b2900000)
 Metaspace       used 83528K, committed 85248K, reserved 1179648K
  class space    used 8571K, committed 9344K, reserved 1048576K
}
Event: 2808.402 GC heap after
{Heap after GC invocations=1891 (full 4):
 PSYoungGen      total 14336K, used 2097K [0x00000000d5580000, 0x00000000d6900000, 0x0000000100000000)
  eden space 11776K, 0% used [0x00000000d5580000,0x00000000d5580000,0x00000000d6100000)
  from space 2560K, 81% used [0x00000000d6100000,0x00000000d630c770,0x00000000d6380000)
  to   space 3584K, 0% used [0x00000000d6580000,0x00000000d6580000,0x00000000d6900000)
 ParOldGen       total 828416K, used 465289K [0x0000000080000000, 0x00000000b2900000, 0x00000000d5580000)
  object space 828416K, 56% used [0x0000000080000000,0x000000009c6626e0,0x00000000b2900000)
 Metaspace       used 83528K, committed 85248K, reserved 1179648K
  class space    used 8571K, committed 9344K, reserved 1048576K
}
Event: 2809.144 GC heap before
{Heap before GC invocations=1892 (full 4):
 PSYoungGen      total 14336K, used 13873K [0x00000000d5580000, 0x00000000d6900000, 0x0000000100000000)
  eden space 11776K, 100% used [0x00000000d5580000,0x00000000d6100000,0x00000000d6100000)
  from space 2560K, 81% used [0x00000000d6100000,0x00000000d630c770,0x00000000d6380000)
  to   space 3584K, 0% used [0x00000000d6580000,0x00000000d6580000,0x00000000d6900000)
 ParOldGen       total 828416K, used 465289K [0x0000000080000000, 0x00000000b2900000, 0x00000000d5580000)
  object space 828416K, 56% used [0x0000000080000000,0x000000009c6626e0,0x00000000b2900000)
 Metaspace       used 83565K, committed 85312K, reserved 1179648K
  class space    used 8574K, committed 9344K, reserved 1048576K
}
Event: 2809.154 GC heap after
{Heap after GC invocations=1892 (full 4):
 PSYoungGen      total 12800K, used 698K [0x00000000d5580000, 0x00000000d6680000, 0x0000000100000000)
  eden space 11776K, 0% used [0x00000000d5580000,0x00000000d5580000,0x00000000d6100000)
  from space 1024K, 68% used [0x00000000d6580000,0x00000000d662e920,0x00000000d6680000)
  to   space 1536K, 0% used [0x00000000d6380000,0x00000000d6380000,0x00000000d6500000)
 ParOldGen       total 828416K, used 466257K [0x0000000080000000, 0x00000000b2900000, 0x00000000d5580000)
  object space 828416K, 56% used [0x0000000080000000,0x000000009c7546f0,0x00000000b2900000)
 Metaspace       used 83565K, committed 85312K, reserved 1179648K
  class space    used 8574K, committed 9344K, reserved 1048576K
}
Event: 2826.860 GC heap before
{Heap before GC invocations=1893 (full 4):
 PSYoungGen      total 12800K, used 12474K [0x00000000d5580000, 0x00000000d6680000, 0x0000000100000000)
  eden space 11776K, 100% used [0x00000000d5580000,0x00000000d6100000,0x00000000d6100000)
  from space 1024K, 68% used [0x00000000d6580000,0x00000000d662e920,0x00000000d6680000)
  to   space 1536K, 0% used [0x00000000d6380000,0x00000000d6380000,0x00000000d6500000)
 ParOldGen       total 828416K, used 466257K [0x0000000080000000, 0x00000000b2900000, 0x00000000d5580000)
  object space 828416K, 56% used [0x0000000080000000,0x000000009c7546f0,0x00000000b2900000)
 Metaspace       used 83652K, committed 85376K, reserved 1179648K
  class space    used 8582K, committed 9344K, reserved 1048576K
}
Event: 2826.867 GC heap after
{Heap after GC invocations=1893 (full 4):
 PSYoungGen      total 13312K, used 1519K [0x00000000d5580000, 0x00000000d6700000, 0x0000000100000000)
  eden space 11776K, 0% used [0x00000000d5580000,0x00000000d5580000,0x00000000d6100000)
  from space 1536K, 98% used [0x00000000d6380000,0x00000000d64fbe78,0x00000000d6500000)
  to   space 2048K, 0% used [0x00000000d6500000,0x00000000d6500000,0x00000000d6700000)
 ParOldGen       total 828416K, used 467194K [0x0000000080000000, 0x00000000b2900000, 0x00000000d5580000)
  object space 828416K, 56% used [0x0000000080000000,0x000000009c83ea98,0x00000000b2900000)
 Metaspace       used 83652K, committed 85376K, reserved 1179648K
  class space    used 8582K, committed 9344K, reserved 1048576K
}

